Start testing: Aug 04 20:51 KST
----------------------------------------------------------
1/4 Testing: bev_geometry_test
1/4 Test: bev_geometry_test
Command: "/home/autopilot03/Desktop/f1tenth_test0804/f1tenth_project_repo/build/bev_processor/bev_geometry_test"
Directory: /home/autopilot03/Desktop/f1tenth_test0804/f1tenth_project_repo/build/bev_processor
"bev_geometry_test" start time: Aug 04 20:51 KST
Output:
----------------------------------------------------------
BEV geometry test passed; valid LUT ratio=90.977%, driving ratio=88.6361%
<end of output>
Test time =   0.02 sec
----------------------------------------------------------
Test Passed.
"bev_geometry_test" end time: Aug 04 20:51 KST
"bev_geometry_test" time elapsed: 00:00:00
----------------------------------------------------------

2/4 Testing: bev_lane_reconstructor_test
2/4 Test: bev_lane_reconstructor_test
Command: "/home/autopilot03/Desktop/f1tenth_test0804/f1tenth_project_repo/build/bev_processor/bev_lane_reconstructor_test"
Directory: /home/autopilot03/Desktop/f1tenth_test0804/f1tenth_project_repo/build/bev_processor
"bev_lane_reconstructor_test" start time: Aug 04 20:51 KST
Output:
----------------------------------------------------------
BEV sliding-window lane tests passed
<end of output>
Test time =   0.03 sec
----------------------------------------------------------
Test Passed.
"bev_lane_reconstructor_test" end time: Aug 04 20:51 KST
"bev_lane_reconstructor_test" time elapsed: 00:00:00
----------------------------------------------------------

3/4 Testing: ground_plane_estimator_test
3/4 Test: ground_plane_estimator_test
Command: "/home/autopilot03/Desktop/f1tenth_test0804/f1tenth_project_repo/build/bev_processor/ground_plane_estimator_test"
Directory: /home/autopilot03/Desktop/f1tenth_test0804/f1tenth_project_repo/build/bev_processor
"ground_plane_estimator_test" start time: Aug 04 20:51 KST
Output:
----------------------------------------------------------
ground_plane_estimator_test passed
<end of output>
Test time =   0.01 sec
----------------------------------------------------------
Test Passed.
"ground_plane_estimator_test" end time: Aug 04 20:51 KST
"ground_plane_estimator_test" time elapsed: 00:00:00
----------------------------------------------------------

4/4 Testing: startup_attitude_test
4/4 Test: startup_attitude_test
Command: "/home/autopilot03/Desktop/f1tenth_test0804/f1tenth_project_repo/build/bev_processor/startup_attitude_test"
Directory: /home/autopilot03/Desktop/f1tenth_test0804/f1tenth_project_repo/build/bev_processor
"startup_attitude_test" start time: Aug 04 20:51 KST
Output:
----------------------------------------------------------
startup_attitude_test passed
<end of output>
Test time =   0.01 sec
----------------------------------------------------------
Test Passed.
"startup_attitude_test" end time: Aug 04 20:51 KST
"startup_attitude_test" time elapsed: 00:00:00
----------------------------------------------------------

End testing: Aug 04 20:51 KST
