<?xml version="1.0" encoding="UTF-8"?>
<Site BuildName="(empty)"
	BuildStamp="20260804-1151-Experimental"
	Name="autopilot03-desktop"
	Generator="ctest-3.22.1"
	CompilerName="/usr/bin/c++"
	CompilerVersion="11.4.0"
	OSName="Linux"
	Hostname="autopilot03-desktop"
	OSRelease="5.15.148-tegra"
	OSVersion="#1 SMP PREEMPT Thu Sep 18 15:08:33 PDT 2025"
	OSPlatform="aarch64"
	Is64Bits="1"
	VendorString=""
	VendorID="Unknown Manufacturer"
	FamilyID="8"
	ModelID="0"
	ProcessorCacheSize="0"
	NumberOfLogicalCPU="6"
	NumberOfPhysicalCPU="1"
	TotalVirtualMemory="3809"
	TotalPhysicalMemory="7619"
	LogicalProcessorsPerPhysical="6"
	ProcessorClockFrequency="0"
	>
	<Testing>
		<StartDateTime>Aug 04 20:51 KST</StartDateTime>
		<StartTestTime>1785844262</StartTestTime>
		<TestList>
			<Test>./bev_geometry_test</Test>
			<Test>./bev_lane_reconstructor_test</Test>
			<Test>./ground_plane_estimator_test</Test>
			<Test>./startup_attitude_test</Test>
		</TestList>
		<Test Status="passed">
			<Name>bev_geometry_test</Name>
			<Path>.</Path>
			<FullName>./bev_geometry_test</FullName>
			<FullCommandLine>/home/autopilot03/Desktop/f1tenth_test0804/f1tenth_project_repo/build/bev_processor/bev_geometry_test</FullCommandLine>
			<Results>
				<NamedMeasurement type="numeric/double" name="Execution Time">
					<Value>0.0170348</Value>
				</NamedMeasurement>
				<NamedMeasurement type="numeric/double" name="Processors">
					<Value>1</Value>
				</NamedMeasurement>
				<NamedMeasurement type="text/string" name="Completion Status">
					<Value>Completed</Value>
				</NamedMeasurement>
				<NamedMeasurement type="text/string" name="Command Line">
					<Value>/home/autopilot03/Desktop/f1tenth_test0804/f1tenth_project_repo/build/bev_processor/bev_geometry_test</Value>
				</NamedMeasurement>
				<NamedMeasurement type="text/string" name="Environment">
					<Value>#CTEST_RESOURCE_GROUP_COUNT=</Value>
				</NamedMeasurement>
				<Measurement>
					<Value>BEV geometry test passed; valid LUT ratio=90.977%, driving ratio=88.6361%
</Value>
				</Measurement>
			</Results>
		</Test>
		<Test Status="passed">
			<Name>bev_lane_reconstructor_test</Name>
			<Path>.</Path>
			<FullName>./bev_lane_reconstructor_test</FullName>
			<FullCommandLine>/home/autopilot03/Desktop/f1tenth_test0804/f1tenth_project_repo/build/bev_processor/bev_lane_reconstructor_test</FullCommandLine>
			<Results>
				<NamedMeasurement type="numeric/double" name="Execution Time">
					<Value>0.0285521</Value>
				</NamedMeasurement>
				<NamedMeasurement type="numeric/double" name="Processors">
					<Value>1</Value>
				</NamedMeasurement>
				<NamedMeasurement type="text/string" name="Completion Status">
					<Value>Completed</Value>
				</NamedMeasurement>
				<NamedMeasurement type="text/string" name="Command Line">
					<Value>/home/autopilot03/Desktop/f1tenth_test0804/f1tenth_project_repo/build/bev_processor/bev_lane_reconstructor_test</Value>
				</NamedMeasurement>
				<NamedMeasurement type="text/string" name="Environment">
					<Value>#CTEST_RESOURCE_GROUP_COUNT=</Value>
				</NamedMeasurement>
				<Measurement>
					<Value>BEV sliding-window lane tests passed
</Value>
				</Measurement>
			</Results>
		</Test>
		<Test Status="passed">
			<Name>ground_plane_estimator_test</Name>
			<Path>.</Path>
			<FullName>./ground_plane_estimator_test</FullName>
			<FullCommandLine>/home/autopilot03/Desktop/f1tenth_test0804/f1tenth_project_repo/build/bev_processor/ground_plane_estimator_test</FullCommandLine>
			<Results>
				<NamedMeasurement type="numeric/double" name="Execution Time">
					<Value>0.00994398</Value>
				</NamedMeasurement>
				<NamedMeasurement type="numeric/double" name="Processors">
					<Value>1</Value>
				</NamedMeasurement>
				<NamedMeasurement type="text/string" name="Completion Status">
					<Value>Completed</Value>
				</NamedMeasurement>
				<NamedMeasurement type="text/string" name="Command Line">
					<Value>/home/autopilot03/Desktop/f1tenth_test0804/f1tenth_project_repo/build/bev_processor/ground_plane_estimator_test</Value>
				</NamedMeasurement>
				<NamedMeasurement type="text/string" name="Environment">
					<Value>#CTEST_RESOURCE_GROUP_COUNT=</Value>
				</NamedMeasurement>
				<Measurement>
					<Value>ground_plane_estimator_test passed
</Value>
				</Measurement>
			</Results>
		</Test>
		<Test Status="passed">
			<Name>startup_attitude_test</Name>
			<Path>.</Path>
			<FullName>./startup_attitude_test</FullName>
			<FullCommandLine>/home/autopilot03/Desktop/f1tenth_test0804/f1tenth_project_repo/build/bev_processor/startup_attitude_test</FullCommandLine>
			<Results>
				<NamedMeasurement type="numeric/double" name="Execution Time">
					<Value>0.0091424</Value>
				</NamedMeasurement>
				<NamedMeasurement type="numeric/double" name="Processors">
					<Value>1</Value>
				</NamedMeasurement>
				<NamedMeasurement type="text/string" name="Completion Status">
					<Value>Completed</Value>
				</NamedMeasurement>
				<NamedMeasurement type="text/string" name="Command Line">
					<Value>/home/autopilot03/Desktop/f1tenth_test0804/f1tenth_project_repo/build/bev_processor/startup_attitude_test</Value>
				</NamedMeasurement>
				<NamedMeasurement type="text/string" name="Environment">
					<Value>#CTEST_RESOURCE_GROUP_COUNT=</Value>
				</NamedMeasurement>
				<Measurement>
					<Value>startup_attitude_test passed
</Value>
				</Measurement>
			</Results>
		</Test>
		<EndDateTime>Aug 04 20:51 KST</EndDateTime>
		<EndTestTime>1785844263</EndTestTime>
		<ElapsedMinutes>0</ElapsedMinutes>
	</Testing>
</Site>
